app/build/intermediates/manifest_merge_blame_file/debug/manifest-merger-blame-debug-report.txt
1<?xml version="1.0" encoding="utf-8"?>
2<manifest xmlns:android="http://schemas.android.com/apk/res/android"
3    package="hu.kocsisgeri.bitraptors"
4    android:versionCode="20001"
5    android:versionName="1.0.0" >
6
7    <uses-sdk
8        android:minSdkVersion="23"
8-->src\main\AndroidManifest.xml
9        android:targetSdkVersion="31" />
9-->src\main\AndroidManifest.xml
10
11    <uses-permission android:name="android.permission.ACCESS_NETWORK_STATE" />
11-->src\main\AndroidManifest.xml:5:5-79
11-->src\main\AndroidManifest.xml:5:22-76
12    <uses-permission android:name="android.permission.INTERNET" />
12-->src\main\AndroidManifest.xml:6:5-67
12-->src\main\AndroidManifest.xml:6:22-64
13    <uses-permission android:name="android.permission.WAKE_LOCK" />
13-->[androidx.work:work-runtime:2.7.0-alpha05] AndroidManifest.xml:25:5-68
13-->[androidx.work:work-runtime:2.7.0-alpha05] AndroidManifest.xml:25:22-65
14    <uses-permission android:name="android.permission.RECEIVE_BOOT_COMPLETED" />
14-->[androidx.work:work-runtime:2.7.0-alpha05] AndroidManifest.xml:27:5-81
14-->[androidx.work:work-runtime:2.7.0-alpha05] AndroidManifest.xml:27:22-78
15    <uses-permission android:name="android.permission.FOREGROUND_SERVICE" />
15-->[androidx.work:work-runtime:2.7.0-alpha05] AndroidManifest.xml:28:5-77
15-->[androidx.work:work-runtime:2.7.0-alpha05] AndroidManifest.xml:28:22-74
16
17    <application
17-->src\main\AndroidManifest.xml:8:5-41:19
18        android:name="hu.kocsisgeri.bitraptors.MyApplication"
18-->src\main\AndroidManifest.xml:9:9-38
19        android:allowBackup="true"
19-->src\main\AndroidManifest.xml:10:9-35
20        android:appComponentFactory="androidx.core.app.CoreComponentFactory"
20-->[androidx.core:core:1.7.0] AndroidManifest.xml:24:18-86
21        android:debuggable="true"
22        android:extractNativeLibs="false"
23        android:icon="@mipmap/ic_launcher"
23-->src\main\AndroidManifest.xml:11:9-43
24        android:label="@string/app_name"
24-->src\main\AndroidManifest.xml:12:9-41
25        android:roundIcon="@mipmap/ic_launcher_round"
25-->src\main\AndroidManifest.xml:13:9-54
26        android:supportsRtl="true"
26-->src\main\AndroidManifest.xml:14:9-35
27        android:testOnly="true"
28        android:theme="@style/Theme.BitraptorsTest" >
28-->src\main\AndroidManifest.xml:15:9-52
29        <activity
29-->src\main\AndroidManifest.xml:17:9-28:20
30            android:name="hu.kocsisgeri.bitraptors.ui.splash.SplashActivity"
30-->src\main\AndroidManifest.xml:18:13-53
31            android:exported="true"
31-->src\main\AndroidManifest.xml:19:13-36
32            android:label="@string/app_name"
32-->src\main\AndroidManifest.xml:20:13-45
33            android:screenOrientation="portrait"
33-->src\main\AndroidManifest.xml:21:13-49
34            android:theme="@style/Theme.BitraptorsTest.Splash" >
34-->src\main\AndroidManifest.xml:22:13-63
35            <intent-filter>
35-->src\main\AndroidManifest.xml:23:13-27:29
36                <action android:name="android.intent.action.MAIN" />
36-->src\main\AndroidManifest.xml:24:17-69
36-->src\main\AndroidManifest.xml:24:25-66
37
38                <category android:name="android.intent.category.LAUNCHER" />
38-->src\main\AndroidManifest.xml:26:17-77
38-->src\main\AndroidManifest.xml:26:27-74
39            </intent-filter>
40        </activity>
41        <activity
41-->src\main\AndroidManifest.xml:29:9-36:20
42            android:name="hu.kocsisgeri.bitraptors.ui.main.MainActivity"
42-->src\main\AndroidManifest.xml:30:13-49
43            android:exported="true" >
43-->src\main\AndroidManifest.xml:31:13-36
44            <intent-filter>
44-->src\main\AndroidManifest.xml:32:13-35:29
45                <action android:name="android.intent.action.VIEW" />
45-->src\main\AndroidManifest.xml:33:17-69
45-->src\main\AndroidManifest.xml:33:25-66
46
47                <category android:name="android.intent.category.DEFAULT" />
47-->src\main\AndroidManifest.xml:34:17-76
47-->src\main\AndroidManifest.xml:34:27-73
48            </intent-filter>
49        </activity>
50
51        <meta-data
51-->src\main\AndroidManifest.xml:38:9-40:57
52            android:name="preloaded_fonts"
52-->src\main\AndroidManifest.xml:39:13-43
53            android:resource="@array/preloaded_fonts" />
53-->src\main\AndroidManifest.xml:40:13-54
54
55        <provider
55-->[androidx.work:work-runtime:2.7.0-alpha05] AndroidManifest.xml:31:9-39:20
56            android:name="androidx.startup.InitializationProvider"
56-->[androidx.work:work-runtime:2.7.0-alpha05] AndroidManifest.xml:32:13-67
57            android:authorities="hu.kocsisgeri.bitraptors.androidx-startup"
57-->[androidx.work:work-runtime:2.7.0-alpha05] AndroidManifest.xml:33:13-68
58            android:exported="false" >
58-->[androidx.work:work-runtime:2.7.0-alpha05] AndroidManifest.xml:34:13-37
59            <meta-data
59-->[androidx.work:work-runtime:2.7.0-alpha05] AndroidManifest.xml:36:13-38:52
60                android:name="androidx.work.WorkManagerInitializer"
60-->[androidx.work:work-runtime:2.7.0-alpha05] AndroidManifest.xml:37:17-68
61                android:value="androidx.startup" />
61-->[androidx.work:work-runtime:2.7.0-alpha05] AndroidManifest.xml:38:17-49
62            <meta-data
62-->[androidx.emoji2:emoji2:1.0.0] AndroidManifest.xml:31:13-33:52
63                android:name="androidx.emoji2.text.EmojiCompatInitializer"
63-->[androidx.emoji2:emoji2:1.0.0] AndroidManifest.xml:32:17-75
64                android:value="androidx.startup" />
64-->[androidx.emoji2:emoji2:1.0.0] AndroidManifest.xml:33:17-49
65            <meta-data
65-->[androidx.lifecycle:lifecycle-process:2.4.0] AndroidManifest.xml:31:13-33:52
66                android:name="androidx.lifecycle.ProcessLifecycleInitializer"
66-->[androidx.lifecycle:lifecycle-process:2.4.0] AndroidManifest.xml:32:17-78
67                android:value="androidx.startup" />
67-->[androidx.lifecycle:lifecycle-process:2.4.0] AndroidManifest.xml:33:17-49
68        </provider>
69
70        <service
70-->[androidx.work:work-runtime:2.7.0-alpha05] AndroidManifest.xml:41:9-46:35
71            android:name="androidx.work.impl.background.systemalarm.SystemAlarmService"
71-->[androidx.work:work-runtime:2.7.0-alpha05] AndroidManifest.xml:42:13-88
72            android:directBootAware="false"
72-->[androidx.work:work-runtime:2.7.0-alpha05] AndroidManifest.xml:43:13-44
73            android:enabled="@bool/enable_system_alarm_service_default"
73-->[androidx.work:work-runtime:2.7.0-alpha05] AndroidManifest.xml:44:13-72
74            android:exported="false" />
74-->[androidx.work:work-runtime:2.7.0-alpha05] AndroidManifest.xml:45:13-37
75        <service
75-->[androidx.work:work-runtime:2.7.0-alpha05] AndroidManifest.xml:47:9-53:35
76            android:name="androidx.work.impl.background.systemjob.SystemJobService"
76-->[androidx.work:work-runtime:2.7.0-alpha05] AndroidManifest.xml:48:13-84
77            android:directBootAware="false"
77-->[androidx.work:work-runtime:2.7.0-alpha05] AndroidManifest.xml:49:13-44
78            android:enabled="@bool/enable_system_job_service_default"
78-->[androidx.work:work-runtime:2.7.0-alpha05] AndroidManifest.xml:50:13-70
79            android:exported="true"
79-->[androidx.work:work-runtime:2.7.0-alpha05] AndroidManifest.xml:51:13-36
80            android:permission="android.permission.BIND_JOB_SERVICE" />
80-->[androidx.work:work-runtime:2.7.0-alpha05] AndroidManifest.xml:52:13-69
81        <service
81-->[androidx.work:work-runtime:2.7.0-alpha05] AndroidManifest.xml:54:9-59:35
82            android:name="androidx.work.impl.foreground.SystemForegroundService"
82-->[androidx.work:work-runtime:2.7.0-alpha05] AndroidManifest.xml:55:13-81
83            android:directBootAware="false"
83-->[androidx.work:work-runtime:2.7.0-alpha05] AndroidManifest.xml:56:13-44
84            android:enabled="@bool/enable_system_foreground_service_default"
84-->[androidx.work:work-runtime:2.7.0-alpha05] AndroidManifest.xml:57:13-77
85            android:exported="false" />
85-->[androidx.work:work-runtime:2.7.0-alpha05] AndroidManifest.xml:58:13-37
86
87        <receiver
87-->[androidx.work:work-runtime:2.7.0-alpha05] AndroidManifest.xml:61:9-66:35
88            android:name="androidx.work.impl.utils.ForceStopRunnable$BroadcastReceiver"
88-->[androidx.work:work-runtime:2.7.0-alpha05] AndroidManifest.xml:62:13-88
89            android:directBootAware="false"
89-->[androidx.work:work-runtime:2.7.0-alpha05] AndroidManifest.xml:63:13-44
90            android:enabled="true"
90-->[androidx.work:work-runtime:2.7.0-alpha05] AndroidManifest.xml:64:13-35
91            android:exported="false" />
91-->[androidx.work:work-runtime:2.7.0-alpha05] AndroidManifest.xml:65:13-37
92        <receiver
92-->[androidx.work:work-runtime:2.7.0-alpha05] AndroidManifest.xml:67:9-77:20
93            android:name="androidx.work.impl.background.systemalarm.ConstraintProxy$BatteryChargingProxy"
93-->[androidx.work:work-runtime:2.7.0-alpha05] AndroidManifest.xml:68:13-106
94            android:directBootAware="false"
94-->[androidx.work:work-runtime:2.7.0-alpha05] AndroidManifest.xml:69:13-44
95            android:enabled="false"
95-->[androidx.work:work-runtime:2.7.0-alpha05] AndroidManifest.xml:70:13-36
96            android:exported="false" >
96-->[androidx.work:work-runtime:2.7.0-alpha05] AndroidManifest.xml:71:13-37
97            <intent-filter>
97-->[androidx.work:work-runtime:2.7.0-alpha05] AndroidManifest.xml:73:13-76:29
98                <action android:name="android.intent.action.ACTION_POWER_CONNECTED" />
98-->[androidx.work:work-runtime:2.7.0-alpha05] AndroidManifest.xml:74:17-87
98-->[androidx.work:work-runtime:2.7.0-alpha05] AndroidManifest.xml:74:25-84
99                <action android:name="android.intent.action.ACTION_POWER_DISCONNECTED" />
99-->[androidx.work:work-runtime:2.7.0-alpha05] AndroidManifest.xml:75:17-90
99-->[androidx.work:work-runtime:2.7.0-alpha05] AndroidManifest.xml:75:25-87
100            </intent-filter>
101        </receiver>
102        <receiver
102-->[androidx.work:work-runtime:2.7.0-alpha05] AndroidManifest.xml:78:9-88:20
103            android:name="androidx.work.impl.background.systemalarm.ConstraintProxy$BatteryNotLowProxy"
103-->[androidx.work:work-runtime:2.7.0-alpha05] AndroidManifest.xml:79:13-104
104            android:directBootAware="false"
104-->[androidx.work:work-runtime:2.7.0-alpha05] AndroidManifest.xml:80:13-44
105            android:enabled="false"
105-->[androidx.work:work-runtime:2.7.0-alpha05] AndroidManifest.xml:81:13-36
106            android:exported="false" >
106-->[androidx.work:work-runtime:2.7.0-alpha05] AndroidManifest.xml:82:13-37
107            <intent-filter>
107-->[androidx.work:work-runtime:2.7.0-alpha05] AndroidManifest.xml:84:13-87:29
108                <action android:name="android.intent.action.BATTERY_OKAY" />
108-->[androidx.work:work-runtime:2.7.0-alpha05] AndroidManifest.xml:85:17-77
108-->[androidx.work:work-runtime:2.7.0-alpha05] AndroidManifest.xml:85:25-74
109                <action android:name="android.intent.action.BATTERY_LOW" />
109-->[androidx.work:work-runtime:2.7.0-alpha05] AndroidManifest.xml:86:17-76
109-->[androidx.work:work-runtime:2.7.0-alpha05] AndroidManifest.xml:86:25-73
110            </intent-filter>
111        </receiver>
112        <receiver
112-->[androidx.work:work-runtime:2.7.0-alpha05] AndroidManifest.xml:89:9-99:20
113            android:name="androidx.work.impl.background.systemalarm.ConstraintProxy$StorageNotLowProxy"
113-->[androidx.work:work-runtime:2.7.0-alpha05] AndroidManifest.xml:90:13-104
114            android:directBootAware="false"
114-->[androidx.work:work-runtime:2.7.0-alpha05] AndroidManifest.xml:91:13-44
115            android:enabled="false"
115-->[androidx.work:work-runtime:2.7.0-alpha05] AndroidManifest.xml:92:13-36
116            android:exported="false" >
116-->[androidx.work:work-runtime:2.7.0-alpha05] AndroidManifest.xml:93:13-37
117            <intent-filter>
117-->[androidx.work:work-runtime:2.7.0-alpha05] AndroidManifest.xml:95:13-98:29
118                <action android:name="android.intent.action.DEVICE_STORAGE_LOW" />
118-->[androidx.work:work-runtime:2.7.0-alpha05] AndroidManifest.xml:96:17-83
118-->[androidx.work:work-runtime:2.7.0-alpha05] AndroidManifest.xml:96:25-80
119                <action android:name="android.intent.action.DEVICE_STORAGE_OK" />
119-->[androidx.work:work-runtime:2.7.0-alpha05] AndroidManifest.xml:97:17-82
119-->[androidx.work:work-runtime:2.7.0-alpha05] AndroidManifest.xml:97:25-79
120            </intent-filter>
121        </receiver>
122        <receiver
122-->[androidx.work:work-runtime:2.7.0-alpha05] AndroidManifest.xml:100:9-109:20
123            android:name="androidx.work.impl.background.systemalarm.ConstraintProxy$NetworkStateProxy"
123-->[androidx.work:work-runtime:2.7.0-alpha05] AndroidManifest.xml:101:13-103
124            android:directBootAware="false"
124-->[androidx.work:work-runtime:2.7.0-alpha05] AndroidManifest.xml:102:13-44
125            android:enabled="false"
125-->[androidx.work:work-runtime:2.7.0-alpha05] AndroidManifest.xml:103:13-36
126            android:exported="false" >
126-->[androidx.work:work-runtime:2.7.0-alpha05] AndroidManifest.xml:104:13-37
127            <intent-filter>
127-->[androidx.work:work-runtime:2.7.0-alpha05] AndroidManifest.xml:106:13-108:29
128                <action android:name="android.net.conn.CONNECTIVITY_CHANGE" />
128-->[androidx.work:work-runtime:2.7.0-alpha05] AndroidManifest.xml:107:17-79
128-->[androidx.work:work-runtime:2.7.0-alpha05] AndroidManifest.xml:107:25-76
129            </intent-filter>
130        </receiver>
131        <receiver
131-->[androidx.work:work-runtime:2.7.0-alpha05] AndroidManifest.xml:110:9-121:20
132            android:name="androidx.work.impl.background.systemalarm.RescheduleReceiver"
132-->[androidx.work:work-runtime:2.7.0-alpha05] AndroidManifest.xml:111:13-88
133            android:directBootAware="false"
133-->[androidx.work:work-runtime:2.7.0-alpha05] AndroidManifest.xml:112:13-44
134            android:enabled="false"
134-->[androidx.work:work-runtime:2.7.0-alpha05] AndroidManifest.xml:113:13-36
135            android:exported="false" >
135-->[androidx.work:work-runtime:2.7.0-alpha05] AndroidManifest.xml:114:13-37
136            <intent-filter>
136-->[androidx.work:work-runtime:2.7.0-alpha05] AndroidManifest.xml:116:13-120:29
137                <action android:name="android.intent.action.BOOT_COMPLETED" />
137-->[androidx.work:work-runtime:2.7.0-alpha05] AndroidManifest.xml:117:17-79
137-->[androidx.work:work-runtime:2.7.0-alpha05] AndroidManifest.xml:117:25-76
138                <action android:name="android.intent.action.TIME_SET" />
138-->[androidx.work:work-runtime:2.7.0-alpha05] AndroidManifest.xml:118:17-73
138-->[androidx.work:work-runtime:2.7.0-alpha05] AndroidManifest.xml:118:25-70
139                <action android:name="android.intent.action.TIMEZONE_CHANGED" />
139-->[androidx.work:work-runtime:2.7.0-alpha05] AndroidManifest.xml:119:17-81
139-->[androidx.work:work-runtime:2.7.0-alpha05] AndroidManifest.xml:119:25-78
140            </intent-filter>
141        </receiver>
142        <receiver
142-->[androidx.work:work-runtime:2.7.0-alpha05] AndroidManifest.xml:122:9-131:20
143            android:name="androidx.work.impl.background.systemalarm.ConstraintProxyUpdateReceiver"
143-->[androidx.work:work-runtime:2.7.0-alpha05] AndroidManifest.xml:123:13-99
144            android:directBootAware="false"
144-->[androidx.work:work-runtime:2.7.0-alpha05] AndroidManifest.xml:124:13-44
145            android:enabled="@bool/enable_system_alarm_service_default"
145-->[androidx.work:work-runtime:2.7.0-alpha05] AndroidManifest.xml:125:13-72
146            android:exported="false" >
146-->[androidx.work:work-runtime:2.7.0-alpha05] AndroidManifest.xml:126:13-37
147            <intent-filter>
147-->[androidx.work:work-runtime:2.7.0-alpha05] AndroidManifest.xml:128:13-130:29
148                <action android:name="androidx.work.impl.background.systemalarm.UpdateProxies" />
148-->[androidx.work:work-runtime:2.7.0-alpha05] AndroidManifest.xml:129:17-98
148-->[androidx.work:work-runtime:2.7.0-alpha05] AndroidManifest.xml:129:25-95
149            </intent-filter>
150        </receiver>
151        <receiver
151-->[androidx.work:work-runtime:2.7.0-alpha05] AndroidManifest.xml:132:9-142:20
152            android:name="androidx.work.impl.diagnostics.DiagnosticsReceiver"
152-->[androidx.work:work-runtime:2.7.0-alpha05] AndroidManifest.xml:133:13-78
153            android:directBootAware="false"
153-->[androidx.work:work-runtime:2.7.0-alpha05] AndroidManifest.xml:134:13-44
154            android:enabled="true"
154-->[androidx.work:work-runtime:2.7.0-alpha05] AndroidManifest.xml:135:13-35
155            android:exported="true"
155-->[androidx.work:work-runtime:2.7.0-alpha05] AndroidManifest.xml:136:13-36
156            android:permission="android.permission.DUMP" >
156-->[androidx.work:work-runtime:2.7.0-alpha05] AndroidManifest.xml:137:13-57
157            <intent-filter>
157-->[androidx.work:work-runtime:2.7.0-alpha05] AndroidManifest.xml:139:13-141:29
158                <action android:name="androidx.work.diagnostics.REQUEST_DIAGNOSTICS" />
158-->[androidx.work:work-runtime:2.7.0-alpha05] AndroidManifest.xml:140:17-88
158-->[androidx.work:work-runtime:2.7.0-alpha05] AndroidManifest.xml:140:25-85
159            </intent-filter>
160        </receiver>
161
162        <service
162-->[androidx.room:room-runtime:2.4.0] AndroidManifest.xml:25:9-28:40
163            android:name="androidx.room.MultiInstanceInvalidationService"
163-->[androidx.room:room-runtime:2.4.0] AndroidManifest.xml:26:13-74
164            android:directBootAware="true"
164-->[androidx.room:room-runtime:2.4.0] AndroidManifest.xml:27:13-43
165            android:exported="false" />
165-->[androidx.room:room-runtime:2.4.0] AndroidManifest.xml:28:13-37
166    </application>
167
168</manifest>